Arguments: 
  /home/sergiojunior/.nvm/versions/node/v8.10.0/bin/node /home/sergiojunior/.nvm/versions/node/v8.10.0/bin/yarn start

PATH: 
  /home/sergiojunior/.nvm/versions/node/v8.10.0/bin:/home/sergiojunior/bin:/home/sergiojunior/.local/bin:/usr/local/sbin:/usr/local/bin:/usr/sbin:/usr/bin:/sbin:/bin:/usr/games:/usr/local/games:/snap/bin:/home/sergiojunior/Android/Sdk/tools

Yarn version: 
  1.5.1

Node version: 
  8.10.0

Platform: 
  linux x64

npm manifest: 
  {
    "name": "email-service",
    "version": "1.0.0",
    "description": "",
    "main": "src/index.js",
    "scripts": {
      "prod": "pm2 start src/index.js --name email-services",
      "start": "nodemon ./src",
      "playground": "nodemon ./playground",
      "test": "jasmine-node tests/ --watch"
    },
    "keywords": [],
    "author": "",
    "license": "ISC",
    "dependencies": {
      "bcryptjs": "^2.4.3",
      "body-parser": "^1.18.3",
      "cors": "^2.8.4",
      "dotenv": "^5.0.1",
      "express": "^4.16.3",
      "joi": "^13.4.0",
      "jsonwebtoken": "^8.2.2",
      "lodash": "^4.17.10",
      "mongodb": "^3.0.10",
      "mongoose": "^5.1.4",
      "nodemailer": "^4.6.4",
      "pm2": "^2.10.4",
      "request": "^2.86.0"
    },
    "engines": {
      "node": ">=7.0.0"
    },
    "devDependencies": {
      "babel-cli": "^6.26.0",
      "babel-plugin-syntax-dynamic-import": "^6.18.0",
      "babel-preset-env": "^1.7.0",
      "jasmine": "^3.1.0"
    }
  }

yarn manifest: 
  No manifest

Lockfile: 
  No lockfile

Trace: 
  Error: Command failed.
  Exit code: 1
  Command: sh
  Arguments: -c nodemon ./src
  Directory: /home/sergiojunior/Documents/email-service
  Output:
  
      at ProcessTermError.MessageError (/home/sergiojunior/.nvm/versions/node/v8.10.0/lib/node_modules/yarn/lib/cli.js:186:110)
      at new ProcessTermError (/home/sergiojunior/.nvm/versions/node/v8.10.0/lib/node_modules/yarn/lib/cli.js:226:113)
      at ChildProcess.<anonymous> (/home/sergiojunior/.nvm/versions/node/v8.10.0/lib/node_modules/yarn/lib/cli.js:30281:17)
      at emitTwo (events.js:126:13)
      at ChildProcess.emit (events.js:214:7)
      at maybeClose (internal/child_process.js:925:16)
      at Process.ChildProcess._handle.onexit (internal/child_process.js:209:5)
